INFO:root:---------------------
INFO:root:Model: Linear Regression
INFO:root:Metrics for training data:
INFO:root:Mean Absolute Error: 13.887352
INFO:root:Mean Squared Error: 255.649916
INFO:root:R-squared: 0.670877
INFO:root:
Metrics for testing data:
INFO:root:Mean Absolute Error: 13.932841
INFO:root:Mean Squared Error: 257.438812
INFO:root:R-squared: 0.667375
INFO:root:---------------------
INFO:root:Model: Decision Tree
INFO:root:Metrics for training data:
INFO:root:Mean Absolute Error: 0.000344
INFO:root:Mean Squared Error: 0.001033
INFO:root:R-squared: 0.999999
INFO:root:
Metrics for testing data:
INFO:root:Mean Absolute Error: 3.304176
INFO:root:Mean Squared Error: 25.164445
INFO:root:R-squared: 0.967486
